<?xml version="1.0" encoding="UTF-8"?>
<!-- Generated by org.testng.reporters.JUnitReportReporter -->
<testsuite hostname="LTIN240631" failures="0" tests="1" name="testcases.Testcase1" time="3.306" errors="0" timestamp="2024-04-01T20:19:42 IST" skipped="0">
  <testcase classname="testcases.Testcase1" name="popup" time="3.306"/>
  <system-out/>
</testsuite> <!-- testcases.Testcase1 -->
