<?xml version="1.0" encoding="UTF-8"?>
<!-- Generated by org.testng.reporters.JUnitReportReporter -->
<testsuite hostname="LTIN240631" failures="0" tests="1" name="testcases.Testhotel" time="17.178" errors="0" timestamp="2024-04-04T15:03:44 IST" skipped="0">
  <testcase classname="testcases.Testhotel" name="hoteladultdetails" time="17.178"/>
  <system-out/>
</testsuite> <!-- testcases.Testhotel -->
