<?xml version="1.0" encoding="UTF-8"?>
<!-- Generated by org.testng.reporters.JUnitReportReporter -->
<testsuite hostname="LTIN240631" failures="0" tests="2" name="testcases.Testcab" time="12.811" errors="0" timestamp="2024-04-04T15:03:44 IST" skipped="0">
  <testcase classname="testcases.Testcab" name="showprice" time="6.392"/>
  <system-out/>
  <testcase classname="testcases.Testcab" name="menu" time="6.419"/>
  <system-out/>
</testsuite> <!-- testcases.Testcab -->
