<?xml version="1.0" encoding="UTF-8"?>
<!-- Generated by org.testng.reporters.JUnitReportReporter -->
<testsuite hostname="LTIN240631" failures="0" tests="1" name="testcases.Testgiftcard" time="9.800" errors="0" timestamp="2024-04-04T15:03:44 IST" skipped="0">
  <testcase classname="testcases.Testgiftcard" name="giftcard" time="9.800"/>
  <system-out/>
</testsuite> <!-- testcases.Testgiftcard -->
