<?xml version="1.0" encoding="UTF-8"?>
<!-- Generated by org.testng.reporters.JUnitReportReporter -->
<testsuite hostname="LTIN240631" failures="0" tests="5" name="testcases.Testhome" time="87.883" errors="0" timestamp="2024-04-04T15:03:44 IST" skipped="0">
  <testcase classname="testcases.Testhome" name="popup" time="2.578"/>
  <system-out/>
  <testcase classname="testcases.Testhome" name="cab" time="9.822"/>
  <system-out/>
  <testcase classname="testcases.Testhome" name="datetravel" time="2.441"/>
  <system-out/>
  <testcase classname="testcases.Testhome" name="timetravel" time="4.043"/>
  <system-out/>
  <testcase classname="testcases.Testhome" name="submittravel" time="68.999"/>
  <system-out/>
</testsuite> <!-- testcases.Testhome -->
